{"C:\\Users\\Matt\\OneDrive\\Documents\\Udemy\\CapstoneProject\\frontend\\src\\api\\endpoints.js": {"path":"C:\\Users\\Matt\\OneDrive\\Documents\\Udemy\\CapstoneProject\\frontend\\src\\api\\endpoints.js","statementMap":{"0":{"start":{"line":4,"column":17},"end":{"line":4,"column":27}},"1":{"start":{"line":6,"column":12},"end":{"line":9,"column":2}},"2":{"start":{"line":12,"column":19},"end":{"line":12,"column":24}},"3":{"start":{"line":13,"column":22},"end":{"line":13,"column":23}},"4":{"start":{"line":14,"column":25},"end":{"line":14,"column":29}},"5":{"start":{"line":17,"column":0},"end":{"line":72,"column":1}},"6":{"start":{"line":18,"column":18},"end":{"line":18,"column":26}},"7":{"start":{"line":20,"column":33},"end":{"line":20,"column":45}},"8":{"start":{"line":23,"column":8},"end":{"line":69,"column":9}},"9":{"start":{"line":24,"column":12},"end":{"line":24,"column":43}},"10":{"start":{"line":27,"column":24},"end":{"line":27,"column":34}},"11":{"start":{"line":28,"column":12},"end":{"line":31,"column":13}},"12":{"start":{"line":29,"column":16},"end":{"line":29,"column":67}},"13":{"start":{"line":30,"column":16},"end":{"line":30,"column":45}},"14":{"start":{"line":34,"column":12},"end":{"line":37,"column":13}},"15":{"start":{"line":35,"column":16},"end":{"line":35,"column":84}},"16":{"start":{"line":36,"column":16},"end":{"line":36,"column":45}},"17":{"start":{"line":39,"column":12},"end":{"line":68,"column":13}},"18":{"start":{"line":40,"column":16},"end":{"line":40,"column":36}},"19":{"start":{"line":41,"column":16},"end":{"line":41,"column":38}},"20":{"start":{"line":43,"column":33},"end":{"line":43,"column":66}},"21":{"start":{"line":45,"column":16},"end":{"line":54,"column":17}},"22":{"start":{"line":47,"column":20},"end":{"line":47,"column":41}},"23":{"start":{"line":48,"column":20},"end":{"line":48,"column":49}},"24":{"start":{"line":51,"column":20},"end":{"line":51,"column":41}},"25":{"start":{"line":52,"column":20},"end":{"line":52,"column":52}},"26":{"start":{"line":53,"column":20},"end":{"line":53,"column":49}},"27":{"start":{"line":56,"column":16},"end":{"line":56,"column":37}},"28":{"start":{"line":59,"column":16},"end":{"line":62,"column":17}},"29":{"start":{"line":60,"column":20},"end":{"line":60,"column":83}},"30":{"start":{"line":61,"column":20},"end":{"line":61,"column":49}},"31":{"start":{"line":65,"column":16},"end":{"line":65,"column":70}},"32":{"start":{"line":66,"column":16},"end":{"line":66,"column":48}},"33":{"start":{"line":67,"column":16},"end":{"line":67,"column":52}},"34":{"start":{"line":70,"column":8},"end":{"line":70,"column":37}},"35":{"start":{"line":74,"column":37},"end":{"line":77,"column":1}},"36":{"start":{"line":75,"column":21},"end":{"line":75,"column":61}},"37":{"start":{"line":76,"column":4},"end":{"line":76,"column":24}},"38":{"start":{"line":79,"column":29},"end":{"line":82,"column":1}},"39":{"start":{"line":80,"column":21},"end":{"line":80,"column":54}},"40":{"start":{"line":81,"column":4},"end":{"line":81,"column":24}},"41":{"start":{"line":84,"column":21},"end":{"line":87,"column":1}},"42":{"start":{"line":85,"column":21},"end":{"line":85,"column":70}},"43":{"start":{"line":86,"column":4},"end":{"line":86,"column":24}},"44":{"start":{"line":89,"column":24},"end":{"line":92,"column":1}},"45":{"start":{"line":90,"column":21},"end":{"line":90,"column":151}},"46":{"start":{"line":91,"column":4},"end":{"line":91,"column":24}},"47":{"start":{"line":94,"column":24},"end":{"line":97,"column":1}},"48":{"start":{"line":95,"column":21},"end":{"line":95,"column":53}},"49":{"start":{"line":96,"column":4},"end":{"line":96,"column":24}},"50":{"start":{"line":99,"column":28},"end":{"line":102,"column":1}},"51":{"start":{"line":100,"column":21},"end":{"line":100,"column":78}},"52":{"start":{"line":101,"column":4},"end":{"line":101,"column":24}},"53":{"start":{"line":104,"column":31},"end":{"line":107,"column":1}},"54":{"start":{"line":105,"column":21},"end":{"line":105,"column":57}},"55":{"start":{"line":106,"column":4},"end":{"line":106,"column":24}},"56":{"start":{"line":109,"column":26},"end":{"line":112,"column":1}},"57":{"start":{"line":110,"column":21},"end":{"line":110,"column":63}},"58":{"start":{"line":111,"column":4},"end":{"line":111,"column":24}},"59":{"start":{"line":114,"column":27},"end":{"line":117,"column":1}},"60":{"start":{"line":115,"column":21},"end":{"line":115,"column":69}},"61":{"start":{"line":116,"column":4},"end":{"line":116,"column":25}},"62":{"start":{"line":119,"column":25},"end":{"line":122,"column":1}},"63":{"start":{"line":120,"column":21},"end":{"line":120,"column":61}},"64":{"start":{"line":121,"column":4},"end":{"line":121,"column":24}},"65":{"start":{"line":124,"column":28},"end":{"line":127,"column":1}},"66":{"start":{"line":125,"column":21},"end":{"line":125,"column":81}},"67":{"start":{"line":126,"column":4},"end":{"line":126,"column":24}},"68":{"start":{"line":129,"column":22},"end":{"line":132,"column":1}},"69":{"start":{"line":130,"column":21},"end":{"line":130,"column":47}},"70":{"start":{"line":131,"column":4},"end":{"line":131,"column":24}},"71":{"start":{"line":134,"column":27},"end":{"line":137,"column":1}},"72":{"start":{"line":135,"column":21},"end":{"line":135,"column":117}},"73":{"start":{"line":136,"column":4},"end":{"line":136,"column":24}},"74":{"start":{"line":141,"column":34},"end":{"line":144,"column":1}},"75":{"start":{"line":142,"column":21},"end":{"line":142,"column":75}},"76":{"start":{"line":143,"column":4},"end":{"line":143,"column":25}},"77":{"start":{"line":146,"column":34},"end":{"line":151,"column":1}},"78":{"start":{"line":147,"column":21},"end":{"line":149,"column":6}},"79":{"start":{"line":150,"column":4},"end":{"line":150,"column":25}},"80":{"start":{"line":153,"column":32},"end":{"line":156,"column":1}},"81":{"start":{"line":154,"column":21},"end":{"line":154,"column":56}},"82":{"start":{"line":155,"column":4},"end":{"line":155,"column":25}},"83":{"start":{"line":158,"column":31},"end":{"line":161,"column":1}},"84":{"start":{"line":159,"column":21},"end":{"line":159,"column":62}},"85":{"start":{"line":160,"column":4},"end":{"line":160,"column":25}},"86":{"start":{"line":163,"column":32},"end":{"line":172,"column":1}},"87":{"start":{"line":164,"column":4},"end":{"line":171,"column":5}},"88":{"start":{"line":165,"column":25},"end":{"line":165,"column":72}},"89":{"start":{"line":166,"column":8},"end":{"line":166,"column":29}},"90":{"start":{"line":169,"column":8},"end":{"line":169,"column":75}},"91":{"start":{"line":170,"column":8},"end":{"line":170,"column":20}},"92":{"start":{"line":174,"column":36},"end":{"line":177,"column":1}},"93":{"start":{"line":175,"column":21},"end":{"line":175,"column":68}},"94":{"start":{"line":176,"column":4},"end":{"line":176,"column":25}},"95":{"start":{"line":179,"column":36},"end":{"line":182,"column":1}},"96":{"start":{"line":180,"column":21},"end":{"line":180,"column":57}},"97":{"start":{"line":181,"column":4},"end":{"line":181,"column":25}},"98":{"start":{"line":184,"column":35},"end":{"line":187,"column":1}},"99":{"start":{"line":185,"column":21},"end":{"line":185,"column":57}},"100":{"start":{"line":186,"column":4},"end":{"line":186,"column":25}},"101":{"start":{"line":189,"column":31},"end":{"line":195,"column":1}},"102":{"start":{"line":190,"column":21},"end":{"line":193,"column":6}},"103":{"start":{"line":194,"column":4},"end":{"line":194,"column":25}},"104":{"start":{"line":197,"column":27},"end":{"line":200,"column":1}},"105":{"start":{"line":198,"column":21},"end":{"line":198,"column":132}},"106":{"start":{"line":199,"column":4},"end":{"line":199,"column":25}},"107":{"start":{"line":202,"column":37},"end":{"line":205,"column":1}},"108":{"start":{"line":203,"column":21},"end":{"line":203,"column":69}},"109":{"start":{"line":204,"column":4},"end":{"line":204,"column":25}},"110":{"start":{"line":207,"column":26},"end":{"line":210,"column":1}},"111":{"start":{"line":208,"column":21},"end":{"line":208,"column":75}},"112":{"start":{"line":209,"column":4},"end":{"line":209,"column":25}},"113":{"start":{"line":212,"column":36},"end":{"line":215,"column":1}},"114":{"start":{"line":213,"column":21},"end":{"line":213,"column":95}},"115":{"start":{"line":214,"column":4},"end":{"line":214,"column":24}},"116":{"start":{"line":217,"column":23},"end":{"line":220,"column":1}},"117":{"start":{"line":218,"column":21},"end":{"line":218,"column":57}},"118":{"start":{"line":219,"column":4},"end":{"line":219,"column":25}},"119":{"start":{"line":222,"column":22},"end":{"line":225,"column":1}},"120":{"start":{"line":223,"column":21},"end":{"line":223,"column":53}},"121":{"start":{"line":224,"column":4},"end":{"line":224,"column":25}},"122":{"start":{"line":227,"column":25},"end":{"line":230,"column":1}},"123":{"start":{"line":228,"column":21},"end":{"line":228,"column":54}},"124":{"start":{"line":229,"column":4},"end":{"line":229,"column":25}},"125":{"start":{"line":232,"column":25},"end":{"line":235,"column":1}},"126":{"start":{"line":233,"column":21},"end":{"line":233,"column":56}},"127":{"start":{"line":234,"column":4},"end":{"line":234,"column":25}},"128":{"start":{"line":237,"column":25},"end":{"line":240,"column":1}},"129":{"start":{"line":238,"column":21},"end":{"line":238,"column":47}},"130":{"start":{"line":239,"column":4},"end":{"line":239,"column":25}},"131":{"start":{"line":242,"column":27},"end":{"line":253,"column":1}},"132":{"start":{"line":243,"column":4},"end":{"line":243,"column":73}},"133":{"start":{"line":245,"column":4},"end":{"line":252,"column":5}},"134":{"start":{"line":246,"column":25},"end":{"line":246,"column":81}},"135":{"start":{"line":247,"column":8},"end":{"line":247,"column":60}},"136":{"start":{"line":248,"column":8},"end":{"line":248,"column":29}},"137":{"start":{"line":250,"column":8},"end":{"line":250,"column":66}},"138":{"start":{"line":251,"column":8},"end":{"line":251,"column":20}},"139":{"start":{"line":255,"column":34},"end":{"line":258,"column":1}},"140":{"start":{"line":256,"column":21},"end":{"line":256,"column":66}},"141":{"start":{"line":257,"column":4},"end":{"line":257,"column":25}}},"fnMap":{"0":{"name":"(anonymous_0)","decl":{"start":{"line":18,"column":4},"end":{"line":18,"column":5}},"loc":{"start":{"line":18,"column":18},"end":{"line":18,"column":26}},"line":18},"1":{"name":"(anonymous_1)","decl":{"start":{"line":19,"column":4},"end":{"line":19,"column":5}},"loc":{"start":{"line":19,"column":19},"end":{"line":71,"column":5}},"line":19},"2":{"name":"(anonymous_2)","decl":{"start":{"line":74,"column":37},"end":{"line":74,"column":38}},"loc":{"start":{"line":74,"column":57},"end":{"line":77,"column":1}},"line":74},"3":{"name":"(anonymous_3)","decl":{"start":{"line":79,"column":29},"end":{"line":79,"column":30}},"loc":{"start":{"line":79,"column":41},"end":{"line":82,"column":1}},"line":79},"4":{"name":"(anonymous_4)","decl":{"start":{"line":84,"column":21},"end":{"line":84,"column":22}},"loc":{"start":{"line":84,"column":51},"end":{"line":87,"column":1}},"line":84},"5":{"name":"(anonymous_5)","decl":{"start":{"line":89,"column":24},"end":{"line":89,"column":25}},"loc":{"start":{"line":89,"column":82},"end":{"line":92,"column":1}},"line":89},"6":{"name":"(anonymous_6)","decl":{"start":{"line":94,"column":24},"end":{"line":94,"column":25}},"loc":{"start":{"line":94,"column":36},"end":{"line":97,"column":1}},"line":94},"7":{"name":"(anonymous_7)","decl":{"start":{"line":99,"column":28},"end":{"line":99,"column":29}},"loc":{"start":{"line":99,"column":48},"end":{"line":102,"column":1}},"line":99},"8":{"name":"(anonymous_8)","decl":{"start":{"line":104,"column":31},"end":{"line":104,"column":32}},"loc":{"start":{"line":104,"column":51},"end":{"line":107,"column":1}},"line":104},"9":{"name":"(anonymous_9)","decl":{"start":{"line":109,"column":26},"end":{"line":109,"column":27}},"loc":{"start":{"line":109,"column":40},"end":{"line":112,"column":1}},"line":109},"10":{"name":"(anonymous_10)","decl":{"start":{"line":114,"column":27},"end":{"line":114,"column":28}},"loc":{"start":{"line":114,"column":50},"end":{"line":117,"column":1}},"line":114},"11":{"name":"(anonymous_11)","decl":{"start":{"line":119,"column":25},"end":{"line":119,"column":26}},"loc":{"start":{"line":119,"column":40},"end":{"line":122,"column":1}},"line":119},"12":{"name":"(anonymous_12)","decl":{"start":{"line":124,"column":28},"end":{"line":124,"column":29}},"loc":{"start":{"line":124,"column":46},"end":{"line":127,"column":1}},"line":124},"13":{"name":"(anonymous_13)","decl":{"start":{"line":129,"column":22},"end":{"line":129,"column":23}},"loc":{"start":{"line":129,"column":34},"end":{"line":132,"column":1}},"line":129},"14":{"name":"(anonymous_14)","decl":{"start":{"line":134,"column":27},"end":{"line":134,"column":28}},"loc":{"start":{"line":134,"column":45},"end":{"line":137,"column":1}},"line":134},"15":{"name":"(anonymous_15)","decl":{"start":{"line":141,"column":34},"end":{"line":141,"column":35}},"loc":{"start":{"line":141,"column":55},"end":{"line":144,"column":1}},"line":141},"16":{"name":"(anonymous_16)","decl":{"start":{"line":146,"column":34},"end":{"line":146,"column":35}},"loc":{"start":{"line":146,"column":61},"end":{"line":151,"column":1}},"line":146},"17":{"name":"(anonymous_17)","decl":{"start":{"line":153,"column":32},"end":{"line":153,"column":33}},"loc":{"start":{"line":153,"column":44},"end":{"line":156,"column":1}},"line":153},"18":{"name":"(anonymous_18)","decl":{"start":{"line":158,"column":31},"end":{"line":158,"column":32}},"loc":{"start":{"line":158,"column":49},"end":{"line":161,"column":1}},"line":158},"19":{"name":"(anonymous_19)","decl":{"start":{"line":163,"column":32},"end":{"line":163,"column":33}},"loc":{"start":{"line":163,"column":50},"end":{"line":172,"column":1}},"line":163},"20":{"name":"(anonymous_20)","decl":{"start":{"line":174,"column":36},"end":{"line":174,"column":37}},"loc":{"start":{"line":174,"column":54},"end":{"line":177,"column":1}},"line":174},"21":{"name":"(anonymous_21)","decl":{"start":{"line":179,"column":36},"end":{"line":179,"column":37}},"loc":{"start":{"line":179,"column":48},"end":{"line":182,"column":1}},"line":179},"22":{"name":"(anonymous_22)","decl":{"start":{"line":184,"column":35},"end":{"line":184,"column":36}},"loc":{"start":{"line":184,"column":47},"end":{"line":187,"column":1}},"line":184},"23":{"name":"(anonymous_23)","decl":{"start":{"line":189,"column":31},"end":{"line":189,"column":32}},"loc":{"start":{"line":189,"column":75},"end":{"line":195,"column":1}},"line":189},"24":{"name":"(anonymous_24)","decl":{"start":{"line":197,"column":27},"end":{"line":197,"column":28}},"loc":{"start":{"line":197,"column":90},"end":{"line":200,"column":1}},"line":197},"25":{"name":"(anonymous_25)","decl":{"start":{"line":202,"column":37},"end":{"line":202,"column":38}},"loc":{"start":{"line":202,"column":55},"end":{"line":205,"column":1}},"line":202},"26":{"name":"(anonymous_26)","decl":{"start":{"line":207,"column":26},"end":{"line":207,"column":27}},"loc":{"start":{"line":207,"column":52},"end":{"line":210,"column":1}},"line":207},"27":{"name":"(anonymous_27)","decl":{"start":{"line":212,"column":36},"end":{"line":212,"column":37}},"loc":{"start":{"line":212,"column":54},"end":{"line":215,"column":1}},"line":212},"28":{"name":"(anonymous_28)","decl":{"start":{"line":217,"column":23},"end":{"line":217,"column":24}},"loc":{"start":{"line":217,"column":43},"end":{"line":220,"column":1}},"line":217},"29":{"name":"(anonymous_29)","decl":{"start":{"line":222,"column":22},"end":{"line":222,"column":23}},"loc":{"start":{"line":222,"column":39},"end":{"line":225,"column":1}},"line":222},"30":{"name":"(anonymous_30)","decl":{"start":{"line":227,"column":25},"end":{"line":227,"column":26}},"loc":{"start":{"line":227,"column":44},"end":{"line":230,"column":1}},"line":227},"31":{"name":"(anonymous_31)","decl":{"start":{"line":232,"column":25},"end":{"line":232,"column":26}},"loc":{"start":{"line":232,"column":42},"end":{"line":235,"column":1}},"line":232},"32":{"name":"(anonymous_32)","decl":{"start":{"line":237,"column":25},"end":{"line":237,"column":26}},"loc":{"start":{"line":237,"column":37},"end":{"line":240,"column":1}},"line":237},"33":{"name":"(anonymous_33)","decl":{"start":{"line":242,"column":27},"end":{"line":242,"column":28}},"loc":{"start":{"line":242,"column":61},"end":{"line":253,"column":1}},"line":242},"34":{"name":"(anonymous_34)","decl":{"start":{"line":255,"column":34},"end":{"line":255,"column":35}},"loc":{"start":{"line":255,"column":51},"end":{"line":258,"column":1}},"line":255}},"branchMap":{"0":{"loc":{"start":{"line":23,"column":8},"end":{"line":69,"column":9}},"type":"if","locations":[{"start":{"line":23,"column":8},"end":{"line":69,"column":9}},{"start":{},"end":{}}],"line":23},"1":{"loc":{"start":{"line":23,"column":12},"end":{"line":23,"column":70}},"type":"binary-expr","locations":[{"start":{"line":23,"column":12},"end":{"line":23,"column":42}},{"start":{"line":23,"column":46},"end":{"line":23,"column":70}}],"line":23},"2":{"loc":{"start":{"line":28,"column":12},"end":{"line":31,"column":13}},"type":"if","locations":[{"start":{"line":28,"column":12},"end":{"line":31,"column":13}},{"start":{},"end":{}}],"line":28},"3":{"loc":{"start":{"line":34,"column":12},"end":{"line":37,"column":13}},"type":"if","locations":[{"start":{"line":34,"column":12},"end":{"line":37,"column":13}},{"start":{},"end":{}}],"line":34},"4":{"loc":{"start":{"line":45,"column":16},"end":{"line":54,"column":17}},"type":"if","locations":[{"start":{"line":45,"column":16},"end":{"line":54,"column":17}},{"start":{"line":49,"column":23},"end":{"line":54,"column":17}}],"line":45},"5":{"loc":{"start":{"line":59,"column":16},"end":{"line":62,"column":17}},"type":"if","locations":[{"start":{"line":59,"column":16},"end":{"line":62,"column":17}},{"start":{},"end":{}}],"line":59},"6":{"loc":{"start":{"line":169,"column":36},"end":{"line":169,"column":73}},"type":"binary-expr","locations":[{"start":{"line":169,"column":36},"end":{"line":169,"column":56}},{"start":{"line":169,"column":60},"end":{"line":169,"column":73}}],"line":169},"7":{"loc":{"start":{"line":217,"column":30},"end":{"line":217,"column":38}},"type":"default-arg","locations":[{"start":{"line":217,"column":37},"end":{"line":217,"column":38}}],"line":217}},"s":{"0":0,"1":0,"2":0,"3":0,"4":0,"5":0,"6":0,"7":0,"8":0,"9":0,"10":0,"11":0,"12":0,"13":0,"14":0,"15":0,"16":0,"17":0,"18":0,"19":0,"20":0,"21":0,"22":0,"23":0,"24":0,"25":0,"26":0,"27":0,"28":0,"29":0,"30":0,"31":0,"32":0,"33":0,"34":0,"35":0,"36":0,"37":0,"38":0,"39":0,"40":0,"41":0,"42":0,"43":0,"44":0,"45":0,"46":0,"47":0,"48":0,"49":0,"50":0,"51":0,"52":0,"53":0,"54":0,"55":0,"56":0,"57":0,"58":0,"59":0,"60":0,"61":0,"62":0,"63":0,"64":0,"65":0,"66":0,"67":0,"68":0,"69":0,"70":0,"71":0,"72":0,"73":0,"74":0,"75":0,"76":0,"77":0,"78":0,"79":0,"80":0,"81":0,"82":0,"83":0,"84":0,"85":0,"86":0,"87":0,"88":0,"89":0,"90":0,"91":0,"92":0,"93":0,"94":0,"95":0,"96":0,"97":0,"98":0,"99":0,"100":0,"101":0,"102":0,"103":0,"104":0,"105":0,"106":0,"107":0,"108":0,"109":0,"110":0,"111":0,"112":0,"113":0,"114":0,"115":0,"116":0,"117":0,"118":0,"119":0,"120":0,"121":0,"122":0,"123":0,"124":0,"125":0,"126":0,"127":0,"128":0,"129":0,"130":0,"131":0,"132":0,"133":0,"134":0,"135":0,"136":0,"137":0,"138":0,"139":0,"140":0,"141":0},"f":{"0":0,"1":0,"2":0,"3":0,"4":0,"5":0,"6":0,"7":0,"8":0,"9":0,"10":0,"11":0,"12":0,"13":0,"14":0,"15":0,"16":0,"17":0,"18":0,"19":0,"20":0,"21":0,"22":0,"23":0,"24":0,"25":0,"26":0,"27":0,"28":0,"29":0,"30":0,"31":0,"32":0,"33":0,"34":0},"b":{"0":[0,0],"1":[0,0],"2":[0,0],"3":[0,0],"4":[0,0],"5":[0,0],"6":[0,0],"7":[0]}}
,"C:\\Users\\Matt\\OneDrive\\Documents\\Udemy\\CapstoneProject\\frontend\\src\\components\\ApplicationsList.js": {"path":"C:\\Users\\Matt\\OneDrive\\Documents\\Udemy\\CapstoneProject\\frontend\\src\\components\\ApplicationsList.js","statementMap":{"0":{"start":{"line":16,"column":27},"end":{"line":79,"column":3}},"1":{"start":{"line":17,"column":4},"end":{"line":19,"column":5}},"2":{"start":{"line":18,"column":6},"end":{"line":18,"column":56}},"3":{"start":{"line":21,"column":4},"end":{"line":78,"column":6}},"4":{"start":{"line":29,"column":12},"end":{"line":74,"column":28}}},"fnMap":{"0":{"name":"(anonymous_0)","decl":{"start":{"line":16,"column":27},"end":{"line":16,"column":28}},"loc":{"start":{"line":16,"column":54},"end":{"line":79,"column":3}},"line":16},"1":{"name":"(anonymous_1)","decl":{"start":{"line":28,"column":28},"end":{"line":28,"column":29}},"loc":{"start":{"line":29,"column":12},"end":{"line":74,"column":28}},"line":29}},"branchMap":{"0":{"loc":{"start":{"line":16,"column":30},"end":{"line":16,"column":47}},"type":"default-arg","locations":[{"start":{"line":16,"column":45},"end":{"line":16,"column":47}}],"line":16},"1":{"loc":{"start":{"line":17,"column":4},"end":{"line":19,"column":5}},"type":"if","locations":[{"start":{"line":17,"column":4},"end":{"line":19,"column":5}},{"start":{},"end":{}}],"line":17},"2":{"loc":{"start":{"line":24,"column":62},"end":{"line":24,"column":98}},"type":"cond-expr","locations":[{"start":{"line":24,"column":90},"end":{"line":24,"column":93}},{"start":{"line":24,"column":96},"end":{"line":24,"column":98}}],"line":24},"3":{"loc":{"start":{"line":51,"column":19},"end":{"line":56,"column":19}},"type":"binary-expr","locations":[{"start":{"line":51,"column":19},"end":{"line":51,"column":44}},{"start":{"line":52,"column":20},"end":{"line":55,"column":26}}],"line":51}},"s":{"0":1,"1":6,"2":1,"3":5,"4":9},"f":{"0":6,"1":9},"b":{"0":[0],"1":[1,5],"2":[4,1],"3":[9,5]},"_coverageSchema":"1a1c01bbd47fc00a2c39e90264f33305004495a9","hash":"d60fa8f3478df52edfd14a598438d8b3e878c953"}
,"C:\\Users\\Matt\\OneDrive\\Documents\\Udemy\\CapstoneProject\\frontend\\src\\components\\CreateJobForm.js": {"path":"C:\\Users\\Matt\\OneDrive\\Documents\\Udemy\\CapstoneProject\\frontend\\src\\components\\CreateJobForm.js","statementMap":{"0":{"start":{"line":14,"column":22},"end":{"line":120,"column":1}},"1":{"start":{"line":15,"column":28},"end":{"line":15,"column":40}},"2":{"start":{"line":16,"column":40},"end":{"line":16,"column":52}},"3":{"start":{"line":17,"column":24},"end":{"line":17,"column":36}},"4":{"start":{"line":18,"column":30},"end":{"line":18,"column":42}},"5":{"start":{"line":19,"column":42},"end":{"line":19,"column":57}},"6":{"start":{"line":20,"column":16},"end":{"line":20,"column":26}},"7":{"start":{"line":23,"column":23},"end":{"line":31,"column":3}},"8":{"start":{"line":24,"column":22},"end":{"line":24,"column":24}},"9":{"start":{"line":25,"column":4},"end":{"line":25,"column":61}},"10":{"start":{"line":25,"column":23},"end":{"line":25,"column":61}},"11":{"start":{"line":26,"column":4},"end":{"line":26,"column":79}},"12":{"start":{"line":26,"column":29},"end":{"line":26,"column":79}},"13":{"start":{"line":27,"column":4},"end":{"line":27,"column":67}},"14":{"start":{"line":27,"column":21},"end":{"line":27,"column":67}},"15":{"start":{"line":29,"column":4},"end":{"line":29,"column":25}},"16":{"start":{"line":30,"column":4},"end":{"line":30,"column":47}},"17":{"start":{"line":34,"column":23},"end":{"line":69,"column":3}},"18":{"start":{"line":35,"column":4},"end":{"line":35,"column":23}},"19":{"start":{"line":37,"column":4},"end":{"line":37,"column":32}},"20":{"start":{"line":37,"column":25},"end":{"line":37,"column":32}},"21":{"start":{"line":39,"column":4},"end":{"line":39,"column":26}},"22":{"start":{"line":40,"column":4},"end":{"line":68,"column":5}},"23":{"start":{"line":41,"column":22},"end":{"line":45,"column":7}},"24":{"start":{"line":47,"column":21},"end":{"line":47,"column":45}},"25":{"start":{"line":50,"column":6},"end":{"line":50,"column":39}},"26":{"start":{"line":50,"column":21},"end":{"line":50,"column":39}},"27":{"start":{"line":53,"column":6},"end":{"line":53,"column":19}},"28":{"start":{"line":54,"column":6},"end":{"line":54,"column":25}},"29":{"start":{"line":55,"column":6},"end":{"line":55,"column":17}},"30":{"start":{"line":58,"column":6},"end":{"line":58,"column":50}},"31":{"start":{"line":59,"column":6},"end":{"line":65,"column":9}},"32":{"start":{"line":67,"column":6},"end":{"line":67,"column":29}},"33":{"start":{"line":71,"column":2},"end":{"line":119,"column":4}},"34":{"start":{"line":80,"column":29},"end":{"line":80,"column":53}},"35":{"start":{"line":91,"column":29},"end":{"line":91,"column":51}},"36":{"start":{"line":102,"column":29},"end":{"line":102,"column":59}}},"fnMap":{"0":{"name":"(anonymous_0)","decl":{"start":{"line":14,"column":22},"end":{"line":14,"column":23}},"loc":{"start":{"line":14,"column":41},"end":{"line":120,"column":1}},"line":14},"1":{"name":"(anonymous_1)","decl":{"start":{"line":23,"column":23},"end":{"line":23,"column":24}},"loc":{"start":{"line":23,"column":29},"end":{"line":31,"column":3}},"line":23},"2":{"name":"(anonymous_2)","decl":{"start":{"line":34,"column":23},"end":{"line":34,"column":24}},"loc":{"start":{"line":34,"column":36},"end":{"line":69,"column":3}},"line":34},"3":{"name":"(anonymous_3)","decl":{"start":{"line":80,"column":22},"end":{"line":80,"column":23}},"loc":{"start":{"line":80,"column":29},"end":{"line":80,"column":53}},"line":80},"4":{"name":"(anonymous_4)","decl":{"start":{"line":91,"column":22},"end":{"line":91,"column":23}},"loc":{"start":{"line":91,"column":29},"end":{"line":91,"column":51}},"line":91},"5":{"name":"(anonymous_5)","decl":{"start":{"line":102,"column":22},"end":{"line":102,"column":23}},"loc":{"start":{"line":102,"column":29},"end":{"line":102,"column":59}},"line":102}},"branchMap":{"0":{"loc":{"start":{"line":25,"column":4},"end":{"line":25,"column":61}},"type":"if","locations":[{"start":{"line":25,"column":4},"end":{"line":25,"column":61}},{"start":{},"end":{}}],"line":25},"1":{"loc":{"start":{"line":26,"column":4},"end":{"line":26,"column":79}},"type":"if","locations":[{"start":{"line":26,"column":4},"end":{"line":26,"column":79}},{"start":{},"end":{}}],"line":26},"2":{"loc":{"start":{"line":27,"column":4},"end":{"line":27,"column":67}},"type":"if","locations":[{"start":{"line":27,"column":4},"end":{"line":27,"column":67}},{"start":{},"end":{}}],"line":27},"3":{"loc":{"start":{"line":37,"column":4},"end":{"line":37,"column":32}},"type":"if","locations":[{"start":{"line":37,"column":4},"end":{"line":37,"column":32}},{"start":{},"end":{}}],"line":37},"4":{"loc":{"start":{"line":50,"column":6},"end":{"line":50,"column":39}},"type":"if","locations":[{"start":{"line":50,"column":6},"end":{"line":50,"column":39}},{"start":{},"end":{}}],"line":50}},"s":{"0":0,"1":0,"2":0,"3":0,"4":0,"5":0,"6":0,"7":0,"8":0,"9":0,"10":0,"11":0,"12":0,"13":0,"14":0,"15":0,"16":0,"17":0,"18":0,"19":0,"20":0,"21":0,"22":0,"23":0,"24":0,"25":0,"26":0,"27":0,"28":0,"29":0,"30":0,"31":0,"32":0,"33":0,"34":0,"35":0,"36":0},"f":{"0":0,"1":0,"2":0,"3":0,"4":0,"5":0},"b":{"0":[0,0],"1":[0,0],"2":[0,0],"3":[0,0],"4":[0,0]}}
,"C:\\Users\\Matt\\OneDrive\\Documents\\Udemy\\CapstoneProject\\frontend\\src\\components\\JobCard.js": {"path":"C:\\Users\\Matt\\OneDrive\\Documents\\Udemy\\CapstoneProject\\frontend\\src\\components\\JobCard.js","statementMap":{"0":{"start":{"line":24,"column":16},"end":{"line":177,"column":1}},"1":{"start":{"line":25,"column":78},"end":{"line":25,"column":93}},"2":{"start":{"line":26,"column":75},"end":{"line":26,"column":90}},"3":{"start":{"line":27,"column":42},"end":{"line":27,"column":54}},"4":{"start":{"line":28,"column":40},"end":{"line":28,"column":55}},"5":{"start":{"line":29,"column":38},"end":{"line":29,"column":53}},"6":{"start":{"line":30,"column":16},"end":{"line":30,"column":26}},"7":{"start":{"line":33,"column":33},"end":{"line":51,"column":3}},"8":{"start":{"line":34,"column":4},"end":{"line":34,"column":25}},"9":{"start":{"line":35,"column":4},"end":{"line":50,"column":5}},"10":{"start":{"line":36,"column":19},"end":{"line":36,"column":51}},"11":{"start":{"line":37,"column":6},"end":{"line":37,"column":28}},"12":{"start":{"line":38,"column":6},"end":{"line":38,"column":19}},"13":{"start":{"line":40,"column":6},"end":{"line":40,"column":59}},"14":{"start":{"line":41,"column":6},"end":{"line":47,"column":9}},"15":{"start":{"line":49,"column":6},"end":{"line":49,"column":28}},"16":{"start":{"line":54,"column":26},"end":{"line":84,"column":3}},"17":{"start":{"line":55,"column":4},"end":{"line":57,"column":5}},"18":{"start":{"line":56,"column":6},"end":{"line":56,"column":13}},"19":{"start":{"line":59,"column":4},"end":{"line":59,"column":24}},"20":{"start":{"line":60,"column":4},"end":{"line":83,"column":5}},"21":{"start":{"line":61,"column":6},"end":{"line":61,"column":30}},"22":{"start":{"line":62,"column":6},"end":{"line":68,"column":9}},"23":{"start":{"line":71,"column":6},"end":{"line":71,"column":31}},"24":{"start":{"line":73,"column":6},"end":{"line":73,"column":50}},"25":{"start":{"line":74,"column":6},"end":{"line":80,"column":9}},"26":{"start":{"line":82,"column":6},"end":{"line":82,"column":27}},"27":{"start":{"line":86,"column":2},"end":{"line":176,"column":4}},"28":{"start":{"line":150,"column":16},"end":{"line":156,"column":19}},"29":{"start":{"line":157,"column":16},"end":{"line":157,"column":31}}},"fnMap":{"0":{"name":"(anonymous_0)","decl":{"start":{"line":24,"column":16},"end":{"line":24,"column":17}},"loc":{"start":{"line":24,"column":46},"end":{"line":177,"column":1}},"line":24},"1":{"name":"(anonymous_1)","decl":{"start":{"line":33,"column":33},"end":{"line":33,"column":34}},"loc":{"start":{"line":33,"column":45},"end":{"line":51,"column":3}},"line":33},"2":{"name":"(anonymous_2)","decl":{"start":{"line":54,"column":26},"end":{"line":54,"column":27}},"loc":{"start":{"line":54,"column":38},"end":{"line":84,"column":3}},"line":54},"3":{"name":"(anonymous_3)","decl":{"start":{"line":149,"column":25},"end":{"line":149,"column":26}},"loc":{"start":{"line":149,"column":31},"end":{"line":158,"column":15}},"line":149}},"branchMap":{"0":{"loc":{"start":{"line":24,"column":24},"end":{"line":24,"column":39}},"type":"default-arg","locations":[{"start":{"line":24,"column":34},"end":{"line":24,"column":39}}],"line":24},"1":{"loc":{"start":{"line":55,"column":4},"end":{"line":57,"column":5}},"type":"if","locations":[{"start":{"line":55,"column":4},"end":{"line":57,"column":5}},{"start":{},"end":{}}],"line":55},"2":{"loc":{"start":{"line":113,"column":11},"end":{"line":136,"column":11}},"type":"cond-expr","locations":[{"start":{"line":114,"column":12},"end":{"line":131,"column":15}},{"start":{"line":133,"column":12},"end":{"line":135,"column":21}}],"line":113}},"s":{"0":0,"1":0,"2":0,"3":0,"4":0,"5":0,"6":0,"7":0,"8":0,"9":0,"10":0,"11":0,"12":0,"13":0,"14":0,"15":0,"16":0,"17":0,"18":0,"19":0,"20":0,"21":0,"22":0,"23":0,"24":0,"25":0,"26":0,"27":0,"28":0,"29":0},"f":{"0":0,"1":0,"2":0,"3":0},"b":{"0":[0],"1":[0,0],"2":[0,0]}}
,"C:\\Users\\Matt\\OneDrive\\Documents\\Udemy\\CapstoneProject\\frontend\\src\\components\\PendingRequests.js": {"path":"C:\\Users\\Matt\\OneDrive\\Documents\\Udemy\\CapstoneProject\\frontend\\src\\components\\PendingRequests.js","statementMap":{"0":{"start":{"line":15,"column":24},"end":{"line":158,"column":1}},"1":{"start":{"line":16,"column":42},"end":{"line":16,"column":54}},"2":{"start":{"line":17,"column":32},"end":{"line":17,"column":46}},"3":{"start":{"line":18,"column":16},"end":{"line":18,"column":26}},"4":{"start":{"line":21,"column":30},"end":{"line":65,"column":3}},"5":{"start":{"line":22,"column":4},"end":{"line":64,"column":5}},"6":{"start":{"line":24,"column":23},"end":{"line":30,"column":8}},"7":{"start":{"line":32,"column":19},"end":{"line":32,"column":40}},"8":{"start":{"line":34,"column":6},"end":{"line":54,"column":7}},"9":{"start":{"line":35,"column":8},"end":{"line":41,"column":11}},"10":{"start":{"line":43,"column":8},"end":{"line":43,"column":81}},"11":{"start":{"line":43,"column":52},"end":{"line":43,"column":78}},"12":{"start":{"line":45,"column":8},"end":{"line":45,"column":47}},"13":{"start":{"line":45,"column":29},"end":{"line":45,"column":47}},"14":{"start":{"line":47,"column":8},"end":{"line":53,"column":11}},"15":{"start":{"line":56,"column":6},"end":{"line":56,"column":55}},"16":{"start":{"line":57,"column":6},"end":{"line":63,"column":9}},"17":{"start":{"line":68,"column":31},"end":{"line":79,"column":3}},"18":{"start":{"line":70,"column":4},"end":{"line":76,"column":7}},"19":{"start":{"line":78,"column":4},"end":{"line":78,"column":77}},"20":{"start":{"line":78,"column":48},"end":{"line":78,"column":74}},"21":{"start":{"line":82,"column":2},"end":{"line":110,"column":14}},"22":{"start":{"line":83,"column":33},"end":{"line":107,"column":5}},"23":{"start":{"line":84,"column":6},"end":{"line":106,"column":7}},"24":{"start":{"line":85,"column":8},"end":{"line":85,"column":25}},"25":{"start":{"line":86,"column":21},"end":{"line":86,"column":49}},"26":{"start":{"line":88,"column":8},"end":{"line":94,"column":9}},"27":{"start":{"line":90,"column":37},"end":{"line":92,"column":13}},"28":{"start":{"line":90,"column":76},"end":{"line":92,"column":11}},"29":{"start":{"line":93,"column":10},"end":{"line":93,"column":46}},"30":{"start":{"line":96,"column":8},"end":{"line":96,"column":65}},"31":{"start":{"line":97,"column":8},"end":{"line":103,"column":11}},"32":{"start":{"line":105,"column":8},"end":{"line":105,"column":26}},"33":{"start":{"line":109,"column":4},"end":{"line":109,"column":27}},"34":{"start":{"line":112,"column":2},"end":{"line":114,"column":3}},"35":{"start":{"line":113,"column":4},"end":{"line":113,"column":52}},"36":{"start":{"line":116,"column":2},"end":{"line":157,"column":4}},"37":{"start":{"line":129,"column":12},"end":{"line":152,"column":18}},"38":{"start":{"line":139,"column":35},"end":{"line":139,"column":69}},"39":{"start":{"line":146,"column":35},"end":{"line":146,"column":70}}},"fnMap":{"0":{"name":"(anonymous_0)","decl":{"start":{"line":15,"column":24},"end":{"line":15,"column":25}},"loc":{"start":{"line":15,"column":56},"end":{"line":158,"column":1}},"line":15},"1":{"name":"(anonymous_1)","decl":{"start":{"line":21,"column":30},"end":{"line":21,"column":31}},"loc":{"start":{"line":21,"column":50},"end":{"line":65,"column":3}},"line":21},"2":{"name":"(anonymous_2)","decl":{"start":{"line":43,"column":44},"end":{"line":43,"column":45}},"loc":{"start":{"line":43,"column":52},"end":{"line":43,"column":78}},"line":43},"3":{"name":"(anonymous_3)","decl":{"start":{"line":68,"column":31},"end":{"line":68,"column":32}},"loc":{"start":{"line":68,"column":51},"end":{"line":79,"column":3}},"line":68},"4":{"name":"(anonymous_4)","decl":{"start":{"line":78,"column":40},"end":{"line":78,"column":41}},"loc":{"start":{"line":78,"column":48},"end":{"line":78,"column":74}},"line":78},"5":{"name":"(anonymous_5)","decl":{"start":{"line":82,"column":12},"end":{"line":82,"column":13}},"loc":{"start":{"line":82,"column":18},"end":{"line":110,"column":3}},"line":82},"6":{"name":"(anonymous_6)","decl":{"start":{"line":83,"column":33},"end":{"line":83,"column":34}},"loc":{"start":{"line":83,"column":45},"end":{"line":107,"column":5}},"line":83},"7":{"name":"(anonymous_7)","decl":{"start":{"line":90,"column":63},"end":{"line":90,"column":64}},"loc":{"start":{"line":90,"column":76},"end":{"line":92,"column":11}},"line":90},"8":{"name":"(anonymous_8)","decl":{"start":{"line":128,"column":28},"end":{"line":128,"column":29}},"loc":{"start":{"line":129,"column":12},"end":{"line":152,"column":18}},"line":129},"9":{"name":"(anonymous_9)","decl":{"start":{"line":139,"column":29},"end":{"line":139,"column":30}},"loc":{"start":{"line":139,"column":35},"end":{"line":139,"column":69}},"line":139},"10":{"name":"(anonymous_10)","decl":{"start":{"line":146,"column":29},"end":{"line":146,"column":30}},"loc":{"start":{"line":146,"column":35},"end":{"line":146,"column":70}},"line":146}},"branchMap":{"0":{"loc":{"start":{"line":34,"column":6},"end":{"line":54,"column":7}},"type":"if","locations":[{"start":{"line":34,"column":6},"end":{"line":54,"column":7}},{"start":{"line":46,"column":13},"end":{"line":54,"column":7}}],"line":34},"1":{"loc":{"start":{"line":45,"column":8},"end":{"line":45,"column":47}},"type":"if","locations":[{"start":{"line":45,"column":8},"end":{"line":45,"column":47}},{"start":{},"end":{}}],"line":45},"2":{"loc":{"start":{"line":49,"column":23},"end":{"line":49,"column":63}},"type":"binary-expr","locations":[{"start":{"line":49,"column":23},"end":{"line":49,"column":33}},{"start":{"line":49,"column":37},"end":{"line":49,"column":63}}],"line":49},"3":{"loc":{"start":{"line":88,"column":8},"end":{"line":94,"column":9}},"type":"if","locations":[{"start":{"line":88,"column":8},"end":{"line":94,"column":9}},{"start":{},"end":{}}],"line":88},"4":{"loc":{"start":{"line":112,"column":2},"end":{"line":114,"column":3}},"type":"if","locations":[{"start":{"line":112,"column":2},"end":{"line":114,"column":3}},{"start":{},"end":{}}],"line":112},"5":{"loc":{"start":{"line":124,"column":7},"end":{"line":155,"column":7}},"type":"cond-expr","locations":[{"start":{"line":125,"column":8},"end":{"line":125,"column":40}},{"start":{"line":127,"column":8},"end":{"line":154,"column":17}}],"line":124}},"s":{"0":0,"1":0,"2":0,"3":0,"4":0,"5":0,"6":0,"7":0,"8":0,"9":0,"10":0,"11":0,"12":0,"13":0,"14":0,"15":0,"16":0,"17":0,"18":0,"19":0,"20":0,"21":0,"22":0,"23":0,"24":0,"25":0,"26":0,"27":0,"28":0,"29":0,"30":0,"31":0,"32":0,"33":0,"34":0,"35":0,"36":0,"37":0,"38":0,"39":0},"f":{"0":0,"1":0,"2":0,"3":0,"4":0,"5":0,"6":0,"7":0,"8":0,"9":0,"10":0},"b":{"0":[0,0],"1":[0,0],"2":[0,0],"3":[0,0],"4":[0,0],"5":[0,0]}}
,"C:\\Users\\Matt\\OneDrive\\Documents\\Udemy\\CapstoneProject\\frontend\\src\\components\\UserOrganizations.js": {"path":"C:\\Users\\Matt\\OneDrive\\Documents\\Udemy\\CapstoneProject\\frontend\\src\\components\\UserOrganizations.js","statementMap":{"0":{"start":{"line":5,"column":26},"end":{"line":47,"column":1}},"1":{"start":{"line":6,"column":46},"end":{"line":6,"column":58}},"2":{"start":{"line":7,"column":54},"end":{"line":7,"column":69}},"3":{"start":{"line":9,"column":31},"end":{"line":16,"column":5}},"4":{"start":{"line":10,"column":8},"end":{"line":15,"column":9}},"5":{"start":{"line":11,"column":25},"end":{"line":11,"column":53}},"6":{"start":{"line":12,"column":12},"end":{"line":12,"column":35}},"7":{"start":{"line":14,"column":12},"end":{"line":14,"column":66}},"8":{"start":{"line":18,"column":4},"end":{"line":22,"column":28}},"9":{"start":{"line":19,"column":8},"end":{"line":21,"column":9}},"10":{"start":{"line":20,"column":12},"end":{"line":20,"column":33}},"11":{"start":{"line":24,"column":4},"end":{"line":46,"column":6}},"12":{"start":{"line":26,"column":35},"end":{"line":26,"column":75}},"13":{"start":{"line":35,"column":28},"end":{"line":38,"column":34}}},"fnMap":{"0":{"name":"(anonymous_0)","decl":{"start":{"line":5,"column":26},"end":{"line":5,"column":27}},"loc":{"start":{"line":5,"column":32},"end":{"line":47,"column":1}},"line":5},"1":{"name":"(anonymous_1)","decl":{"start":{"line":9,"column":31},"end":{"line":9,"column":32}},"loc":{"start":{"line":9,"column":43},"end":{"line":16,"column":5}},"line":9},"2":{"name":"(anonymous_2)","decl":{"start":{"line":18,"column":14},"end":{"line":18,"column":15}},"loc":{"start":{"line":18,"column":20},"end":{"line":22,"column":5}},"line":18},"3":{"name":"(anonymous_3)","decl":{"start":{"line":26,"column":29},"end":{"line":26,"column":30}},"loc":{"start":{"line":26,"column":35},"end":{"line":26,"column":75}},"line":26},"4":{"name":"(anonymous_4)","decl":{"start":{"line":34,"column":42},"end":{"line":34,"column":43}},"loc":{"start":{"line":35,"column":28},"end":{"line":38,"column":34}},"line":35}},"branchMap":{"0":{"loc":{"start":{"line":19,"column":8},"end":{"line":21,"column":9}},"type":"if","locations":[{"start":{"line":19,"column":8},"end":{"line":21,"column":9}},{"start":{},"end":{}}],"line":19},"1":{"loc":{"start":{"line":27,"column":17},"end":{"line":27,"column":83}},"type":"cond-expr","locations":[{"start":{"line":27,"column":37},"end":{"line":27,"column":57}},{"start":{"line":27,"column":60},"end":{"line":27,"column":83}}],"line":27},"2":{"loc":{"start":{"line":30,"column":13},"end":{"line":44,"column":13}},"type":"binary-expr","locations":[{"start":{"line":30,"column":13},"end":{"line":30,"column":30}},{"start":{"line":31,"column":16},"end":{"line":43,"column":25}}],"line":30},"3":{"loc":{"start":{"line":33,"column":21},"end":{"line":42,"column":21}},"type":"cond-expr","locations":[{"start":{"line":34,"column":24},"end":{"line":39,"column":26}},{"start":{"line":41,"column":24},"end":{"line":41,"column":60}}],"line":33}},"s":{"0":0,"1":0,"2":0,"3":0,"4":0,"5":0,"6":0,"7":0,"8":0,"9":0,"10":0,"11":0,"12":0,"13":0},"f":{"0":0,"1":0,"2":0,"3":0,"4":0},"b":{"0":[0,0],"1":[0,0],"2":[0,0],"3":[0,0]}}
,"C:\\Users\\Matt\\OneDrive\\Documents\\Udemy\\CapstoneProject\\frontend\\src\\components\\post.js": {"path":"C:\\Users\\Matt\\OneDrive\\Documents\\Udemy\\CapstoneProject\\frontend\\src\\components\\post.js","statementMap":{"0":{"start":{"line":10,"column":13},"end":{"line":72,"column":1}},"1":{"start":{"line":12,"column":34},"end":{"line":12,"column":48}},"2":{"start":{"line":13,"column":44},"end":{"line":13,"column":56}},"3":{"start":{"line":14,"column":46},"end":{"line":14,"column":58}},"4":{"start":{"line":15,"column":42},"end":{"line":15,"column":57}},"5":{"start":{"line":16,"column":50},"end":{"line":16,"column":70}},"6":{"start":{"line":18,"column":29},"end":{"line":27,"column":5}},"7":{"start":{"line":19,"column":21},"end":{"line":19,"column":41}},"8":{"start":{"line":20,"column":8},"end":{"line":26,"column":9}},"9":{"start":{"line":21,"column":12},"end":{"line":21,"column":32}},"10":{"start":{"line":22,"column":12},"end":{"line":22,"column":51}},"11":{"start":{"line":24,"column":12},"end":{"line":24,"column":33}},"12":{"start":{"line":25,"column":12},"end":{"line":25,"column":51}},"13":{"start":{"line":29,"column":4},"end":{"line":44,"column":10}},"14":{"start":{"line":31,"column":26},"end":{"line":41,"column":9}},"15":{"start":{"line":32,"column":12},"end":{"line":40,"column":13}},"16":{"start":{"line":33,"column":29},"end":{"line":33,"column":66}},"17":{"start":{"line":34,"column":16},"end":{"line":34,"column":51}},"18":{"start":{"line":35,"column":16},"end":{"line":35,"column":53}},"19":{"start":{"line":37,"column":16},"end":{"line":37,"column":36}},"20":{"start":{"line":39,"column":16},"end":{"line":39,"column":33}},"21":{"start":{"line":42,"column":8},"end":{"line":42,"column":19}},"22":{"start":{"line":46,"column":4},"end":{"line":71,"column":5}}},"fnMap":{"0":{"name":"(anonymous_0)","decl":{"start":{"line":10,"column":13},"end":{"line":10,"column":14}},"loc":{"start":{"line":10,"column":83},"end":{"line":72,"column":1}},"line":10},"1":{"name":"(anonymous_1)","decl":{"start":{"line":18,"column":29},"end":{"line":18,"column":30}},"loc":{"start":{"line":18,"column":41},"end":{"line":27,"column":5}},"line":18},"2":{"name":"(anonymous_2)","decl":{"start":{"line":29,"column":14},"end":{"line":29,"column":15}},"loc":{"start":{"line":29,"column":20},"end":{"line":44,"column":5}},"line":29},"3":{"name":"(anonymous_3)","decl":{"start":{"line":31,"column":26},"end":{"line":31,"column":27}},"loc":{"start":{"line":31,"column":38},"end":{"line":41,"column":9}},"line":31}},"branchMap":{"0":{"loc":{"start":{"line":20,"column":8},"end":{"line":26,"column":9}},"type":"if","locations":[{"start":{"line":20,"column":8},"end":{"line":26,"column":9}},{"start":{"line":23,"column":15},"end":{"line":26,"column":9}}],"line":20},"1":{"loc":{"start":{"line":50,"column":32},"end":{"line":50,"column":77}},"type":"cond-expr","locations":[{"start":{"line":50,"column":42},"end":{"line":50,"column":44}},{"start":{"line":50,"column":47},"end":{"line":50,"column":77}}],"line":50},"2":{"loc":{"start":{"line":54,"column":57},"end":{"line":54,"column":86}},"type":"cond-expr","locations":[{"start":{"line":54,"column":67},"end":{"line":54,"column":70}},{"start":{"line":54,"column":73},"end":{"line":54,"column":86}}],"line":54},"3":{"loc":{"start":{"line":55,"column":45},"end":{"line":55,"column":75}},"type":"cond-expr","locations":[{"start":{"line":55,"column":55},"end":{"line":55,"column":58}},{"start":{"line":55,"column":61},"end":{"line":55,"column":75}}],"line":55},"4":{"loc":{"start":{"line":58,"column":127},"end":{"line":58,"column":154}},"type":"cond-expr","locations":[{"start":{"line":58,"column":137},"end":{"line":58,"column":140}},{"start":{"line":58,"column":143},"end":{"line":58,"column":154}}],"line":58},"5":{"loc":{"start":{"line":60,"column":84},"end":{"line":60,"column":115}},"type":"cond-expr","locations":[{"start":{"line":60,"column":94},"end":{"line":60,"column":97}},{"start":{"line":60,"column":100},"end":{"line":60,"column":115}}],"line":60},"6":{"loc":{"start":{"line":63,"column":24},"end":{"line":65,"column":104}},"type":"cond-expr","locations":[{"start":{"line":64,"column":28},"end":{"line":64,"column":103}},{"start":{"line":65,"column":30},"end":{"line":65,"column":104}}],"line":63}},"s":{"0":0,"1":0,"2":0,"3":0,"4":0,"5":0,"6":0,"7":0,"8":0,"9":0,"10":0,"11":0,"12":0,"13":0,"14":0,"15":0,"16":0,"17":0,"18":0,"19":0,"20":0,"21":0,"22":0},"f":{"0":0,"1":0,"2":0,"3":0},"b":{"0":[0,0],"1":[0,0],"2":[0,0],"3":[0,0],"4":[0,0],"5":[0,0],"6":[0,0]}}
,"C:\\Users\\Matt\\OneDrive\\Documents\\Udemy\\CapstoneProject\\frontend\\src\\context\\useAuth.js": {"path":"C:\\Users\\Matt\\OneDrive\\Documents\\Udemy\\CapstoneProject\\frontend\\src\\context\\useAuth.js","statementMap":{"0":{"start":{"line":5,"column":20},"end":{"line":5,"column":35}},"1":{"start":{"line":7,"column":28},"end":{"line":75,"column":1}},"2":{"start":{"line":8,"column":28},"end":{"line":8,"column":43}},"3":{"start":{"line":9,"column":42},"end":{"line":9,"column":56}},"4":{"start":{"line":10,"column":32},"end":{"line":10,"column":44}},"5":{"start":{"line":11,"column":24},"end":{"line":11,"column":34}},"6":{"start":{"line":12,"column":21},"end":{"line":12,"column":34}},"7":{"start":{"line":14,"column":23},"end":{"line":23,"column":5}},"8":{"start":{"line":15,"column":8},"end":{"line":22,"column":9}},"9":{"start":{"line":16,"column":12},"end":{"line":16,"column":29}},"10":{"start":{"line":17,"column":12},"end":{"line":17,"column":26}},"11":{"start":{"line":19,"column":12},"end":{"line":19,"column":27}},"12":{"start":{"line":21,"column":12},"end":{"line":21,"column":34}},"13":{"start":{"line":25,"column":23},"end":{"line":41,"column":5}},"14":{"start":{"line":26,"column":21},"end":{"line":26,"column":52}},"15":{"start":{"line":27,"column":8},"end":{"line":40,"column":9}},"16":{"start":{"line":28,"column":12},"end":{"line":28,"column":26}},"17":{"start":{"line":29,"column":29},"end":{"line":35,"column":13}},"18":{"start":{"line":36,"column":12},"end":{"line":36,"column":71}},"19":{"start":{"line":37,"column":12},"end":{"line":37,"column":37}},"20":{"start":{"line":39,"column":12},"end":{"line":39,"column":50}},"21":{"start":{"line":43,"column":4},"end":{"line":68,"column":35}},"22":{"start":{"line":45,"column":28},"end":{"line":45,"column":52}},"23":{"start":{"line":48,"column":8},"end":{"line":60,"column":9}},"24":{"start":{"line":49,"column":12},"end":{"line":49,"column":46}},"25":{"start":{"line":52,"column":12},"end":{"line":54,"column":13}},"26":{"start":{"line":53,"column":16},"end":{"line":53,"column":58}},"27":{"start":{"line":57,"column":12},"end":{"line":59,"column":20}},"28":{"start":{"line":58,"column":16},"end":{"line":58,"column":29}},"29":{"start":{"line":63,"column":8},"end":{"line":67,"column":10}},"30":{"start":{"line":64,"column":12},"end":{"line":66,"column":13}},"31":{"start":{"line":65,"column":16},"end":{"line":65,"column":58}},"32":{"start":{"line":70,"column":4},"end":{"line":74,"column":6}},"33":{"start":{"line":77,"column":23},"end":{"line":77,"column":52}},"34":{"start":{"line":77,"column":29},"end":{"line":77,"column":52}}},"fnMap":{"0":{"name":"(anonymous_0)","decl":{"start":{"line":7,"column":28},"end":{"line":7,"column":29}},"loc":{"start":{"line":7,"column":44},"end":{"line":75,"column":1}},"line":7},"1":{"name":"(anonymous_1)","decl":{"start":{"line":14,"column":23},"end":{"line":14,"column":24}},"loc":{"start":{"line":14,"column":35},"end":{"line":23,"column":5}},"line":14},"2":{"name":"(anonymous_2)","decl":{"start":{"line":25,"column":23},"end":{"line":25,"column":24}},"loc":{"start":{"line":25,"column":53},"end":{"line":41,"column":5}},"line":25},"3":{"name":"(anonymous_3)","decl":{"start":{"line":43,"column":14},"end":{"line":43,"column":15}},"loc":{"start":{"line":43,"column":20},"end":{"line":68,"column":5}},"line":43},"4":{"name":"(anonymous_4)","decl":{"start":{"line":57,"column":53},"end":{"line":57,"column":54}},"loc":{"start":{"line":57,"column":59},"end":{"line":59,"column":13}},"line":57},"5":{"name":"(anonymous_5)","decl":{"start":{"line":63,"column":15},"end":{"line":63,"column":16}},"loc":{"start":{"line":63,"column":21},"end":{"line":67,"column":9}},"line":63},"6":{"name":"(anonymous_6)","decl":{"start":{"line":77,"column":23},"end":{"line":77,"column":24}},"loc":{"start":{"line":77,"column":29},"end":{"line":77,"column":52}},"line":77}},"branchMap":{"0":{"loc":{"start":{"line":27,"column":8},"end":{"line":40,"column":9}},"type":"if","locations":[{"start":{"line":27,"column":8},"end":{"line":40,"column":9}},{"start":{"line":38,"column":15},"end":{"line":40,"column":9}}],"line":27},"1":{"loc":{"start":{"line":48,"column":8},"end":{"line":60,"column":9}},"type":"if","locations":[{"start":{"line":48,"column":8},"end":{"line":60,"column":9}},{"start":{},"end":{}}],"line":48},"2":{"loc":{"start":{"line":52,"column":12},"end":{"line":54,"column":13}},"type":"if","locations":[{"start":{"line":52,"column":12},"end":{"line":54,"column":13}},{"start":{},"end":{}}],"line":52},"3":{"loc":{"start":{"line":64,"column":12},"end":{"line":66,"column":13}},"type":"if","locations":[{"start":{"line":64,"column":12},"end":{"line":66,"column":13}},{"start":{},"end":{}}],"line":64}},"s":{"0":0,"1":0,"2":0,"3":0,"4":0,"5":0,"6":0,"7":0,"8":0,"9":0,"10":0,"11":0,"12":0,"13":0,"14":0,"15":0,"16":0,"17":0,"18":0,"19":0,"20":0,"21":0,"22":0,"23":0,"24":0,"25":0,"26":0,"27":0,"28":0,"29":0,"30":0,"31":0,"32":0,"33":0,"34":0},"f":{"0":0,"1":0,"2":0,"3":0,"4":0,"5":0,"6":0},"b":{"0":[0,0],"1":[0,0],"2":[0,0],"3":[0,0]}}
,"C:\\Users\\Matt\\OneDrive\\Documents\\Udemy\\CapstoneProject\\frontend\\src\\routes\\JobBoard.js": {"path":"C:\\Users\\Matt\\OneDrive\\Documents\\Udemy\\CapstoneProject\\frontend\\src\\routes\\JobBoard.js","statementMap":{"0":{"start":{"line":31,"column":17},"end":{"line":174,"column":1}},"1":{"start":{"line":32,"column":26},"end":{"line":32,"column":38}},"2":{"start":{"line":33,"column":30},"end":{"line":33,"column":42}},"3":{"start":{"line":34,"column":32},"end":{"line":34,"column":46}},"4":{"start":{"line":35,"column":34},"end":{"line":35,"column":45}},"5":{"start":{"line":36,"column":38},"end":{"line":36,"column":53}},"6":{"start":{"line":37,"column":16},"end":{"line":37,"column":26}},"7":{"start":{"line":38,"column":36},"end":{"line":38,"column":51}},"8":{"start":{"line":41,"column":2},"end":{"line":67,"column":18}},"9":{"start":{"line":42,"column":22},"end":{"line":64,"column":5}},"10":{"start":{"line":43,"column":6},"end":{"line":43,"column":23}},"11":{"start":{"line":44,"column":6},"end":{"line":63,"column":7}},"12":{"start":{"line":45,"column":8},"end":{"line":52,"column":9}},"13":{"start":{"line":46,"column":23},"end":{"line":46,"column":39}},"14":{"start":{"line":47,"column":10},"end":{"line":47,"column":32}},"15":{"start":{"line":48,"column":10},"end":{"line":48,"column":44}},"16":{"start":{"line":50,"column":23},"end":{"line":50,"column":40}},"17":{"start":{"line":51,"column":10},"end":{"line":51,"column":26}},"18":{"start":{"line":54,"column":8},"end":{"line":54,"column":53}},"19":{"start":{"line":55,"column":8},"end":{"line":60,"column":11}},"20":{"start":{"line":62,"column":8},"end":{"line":62,"column":26}},"21":{"start":{"line":66,"column":4},"end":{"line":66,"column":16}},"22":{"start":{"line":70,"column":23},"end":{"line":86,"column":3}},"23":{"start":{"line":71,"column":4},"end":{"line":71,"column":26}},"24":{"start":{"line":71,"column":19},"end":{"line":71,"column":26}},"25":{"start":{"line":73,"column":4},"end":{"line":85,"column":5}},"26":{"start":{"line":74,"column":19},"end":{"line":74,"column":42}},"27":{"start":{"line":75,"column":6},"end":{"line":75,"column":42}},"28":{"start":{"line":76,"column":6},"end":{"line":76,"column":51}},"29":{"start":{"line":78,"column":6},"end":{"line":78,"column":55}},"30":{"start":{"line":79,"column":6},"end":{"line":84,"column":9}},"31":{"start":{"line":89,"column":23},"end":{"line":102,"column":3}},"32":{"start":{"line":90,"column":4},"end":{"line":96,"column":7}},"33":{"start":{"line":98,"column":4},"end":{"line":100,"column":5}},"34":{"start":{"line":99,"column":6},"end":{"line":99,"column":37}},"35":{"start":{"line":101,"column":4},"end":{"line":101,"column":14}},"36":{"start":{"line":104,"column":2},"end":{"line":173,"column":4}},"37":{"start":{"line":111,"column":25},"end":{"line":111,"column":44}},"38":{"start":{"line":117,"column":25},"end":{"line":117,"column":43}},"39":{"start":{"line":137,"column":16},"end":{"line":137,"column":50}},"40":{"start":{"line":151,"column":16},"end":{"line":151,"column":65}}},"fnMap":{"0":{"name":"(anonymous_0)","decl":{"start":{"line":31,"column":17},"end":{"line":31,"column":18}},"loc":{"start":{"line":31,"column":23},"end":{"line":174,"column":1}},"line":31},"1":{"name":"(anonymous_1)","decl":{"start":{"line":41,"column":12},"end":{"line":41,"column":13}},"loc":{"start":{"line":41,"column":18},"end":{"line":67,"column":3}},"line":41},"2":{"name":"(anonymous_2)","decl":{"start":{"line":42,"column":22},"end":{"line":42,"column":23}},"loc":{"start":{"line":42,"column":34},"end":{"line":64,"column":5}},"line":42},"3":{"name":"(anonymous_3)","decl":{"start":{"line":70,"column":23},"end":{"line":70,"column":24}},"loc":{"start":{"line":70,"column":35},"end":{"line":86,"column":3}},"line":70},"4":{"name":"(anonymous_4)","decl":{"start":{"line":89,"column":23},"end":{"line":89,"column":24}},"loc":{"start":{"line":89,"column":35},"end":{"line":102,"column":3}},"line":89},"5":{"name":"(anonymous_5)","decl":{"start":{"line":111,"column":19},"end":{"line":111,"column":20}},"loc":{"start":{"line":111,"column":25},"end":{"line":111,"column":44}},"line":111},"6":{"name":"(anonymous_6)","decl":{"start":{"line":117,"column":19},"end":{"line":117,"column":20}},"loc":{"start":{"line":117,"column":25},"end":{"line":117,"column":43}},"line":117},"7":{"name":"(anonymous_7)","decl":{"start":{"line":136,"column":24},"end":{"line":136,"column":25}},"loc":{"start":{"line":137,"column":16},"end":{"line":137,"column":50}},"line":137},"8":{"name":"(anonymous_8)","decl":{"start":{"line":150,"column":26},"end":{"line":150,"column":27}},"loc":{"start":{"line":151,"column":16},"end":{"line":151,"column":65}},"line":151}},"branchMap":{"0":{"loc":{"start":{"line":45,"column":8},"end":{"line":52,"column":9}},"type":"if","locations":[{"start":{"line":45,"column":8},"end":{"line":52,"column":9}},{"start":{"line":49,"column":15},"end":{"line":52,"column":9}}],"line":45},"1":{"loc":{"start":{"line":48,"column":22},"end":{"line":48,"column":42}},"type":"cond-expr","locations":[{"start":{"line":48,"column":34},"end":{"line":48,"column":35}},{"start":{"line":48,"column":38},"end":{"line":48,"column":42}}],"line":48},"2":{"loc":{"start":{"line":71,"column":4},"end":{"line":71,"column":26}},"type":"if","locations":[{"start":{"line":71,"column":4},"end":{"line":71,"column":26}},{"start":{},"end":{}}],"line":71},"3":{"loc":{"start":{"line":76,"column":18},"end":{"line":76,"column":49}},"type":"cond-expr","locations":[{"start":{"line":76,"column":30},"end":{"line":76,"column":42}},{"start":{"line":76,"column":45},"end":{"line":76,"column":49}}],"line":76},"4":{"loc":{"start":{"line":98,"column":4},"end":{"line":100,"column":5}},"type":"if","locations":[{"start":{"line":98,"column":4},"end":{"line":100,"column":5}},{"start":{},"end":{}}],"line":98},"5":{"loc":{"start":{"line":110,"column":23},"end":{"line":110,"column":60}},"type":"cond-expr","locations":[{"start":{"line":110,"column":45},"end":{"line":110,"column":51}},{"start":{"line":110,"column":54},"end":{"line":110,"column":60}}],"line":110},"6":{"loc":{"start":{"line":116,"column":23},"end":{"line":116,"column":59}},"type":"cond-expr","locations":[{"start":{"line":116,"column":44},"end":{"line":116,"column":50}},{"start":{"line":116,"column":53},"end":{"line":116,"column":59}}],"line":116},"7":{"loc":{"start":{"line":128,"column":7},"end":{"line":159,"column":7}},"type":"cond-expr","locations":[{"start":{"line":129,"column":8},"end":{"line":131,"column":15}},{"start":{"line":133,"column":8},"end":{"line":158,"column":17}}],"line":128},"8":{"loc":{"start":{"line":134,"column":11},"end":{"line":157,"column":11}},"type":"cond-expr","locations":[{"start":{"line":135,"column":12},"end":{"line":147,"column":15}},{"start":{"line":149,"column":12},"end":{"line":156,"column":15}}],"line":134},"9":{"loc":{"start":{"line":139,"column":15},"end":{"line":143,"column":15}},"type":"binary-expr","locations":[{"start":{"line":139,"column":15},"end":{"line":139,"column":23}},{"start":{"line":140,"column":16},"end":{"line":142,"column":25}}],"line":139},"10":{"loc":{"start":{"line":144,"column":15},"end":{"line":146,"column":15}},"type":"binary-expr","locations":[{"start":{"line":144,"column":15},"end":{"line":144,"column":32}},{"start":{"line":145,"column":16},"end":{"line":145,"column":71}}],"line":144},"11":{"loc":{"start":{"line":153,"column":15},"end":{"line":155,"column":15}},"type":"binary-expr","locations":[{"start":{"line":153,"column":15},"end":{"line":153,"column":34}},{"start":{"line":154,"column":16},"end":{"line":154,"column":61}}],"line":153}},"s":{"0":0,"1":0,"2":0,"3":0,"4":0,"5":0,"6":0,"7":0,"8":0,"9":0,"10":0,"11":0,"12":0,"13":0,"14":0,"15":0,"16":0,"17":0,"18":0,"19":0,"20":0,"21":0,"22":0,"23":0,"24":0,"25":0,"26":0,"27":0,"28":0,"29":0,"30":0,"31":0,"32":0,"33":0,"34":0,"35":0,"36":0,"37":0,"38":0,"39":0,"40":0},"f":{"0":0,"1":0,"2":0,"3":0,"4":0,"5":0,"6":0,"7":0,"8":0},"b":{"0":[0,0],"1":[0,0],"2":[0,0],"3":[0,0],"4":[0,0],"5":[0,0],"6":[0,0],"7":[0,0],"8":[0,0],"9":[0,0],"10":[0,0],"11":[0,0]}}
,"C:\\Users\\Matt\\OneDrive\\Documents\\Udemy\\CapstoneProject\\frontend\\src\\routes\\login.js": {"path":"C:\\Users\\Matt\\OneDrive\\Documents\\Udemy\\CapstoneProject\\frontend\\src\\routes\\login.js","statementMap":{"0":{"start":{"line":6,"column":14},"end":{"line":40,"column":1}},"1":{"start":{"line":8,"column":36},"end":{"line":8,"column":48}},"2":{"start":{"line":9,"column":36},"end":{"line":9,"column":48}},"3":{"start":{"line":10,"column":21},"end":{"line":10,"column":34}},"4":{"start":{"line":11,"column":27},"end":{"line":11,"column":36}},"5":{"start":{"line":13,"column":24},"end":{"line":15,"column":5}},"6":{"start":{"line":14,"column":8},"end":{"line":14,"column":38}},"7":{"start":{"line":17,"column":22},"end":{"line":19,"column":5}},"8":{"start":{"line":18,"column":8},"end":{"line":18,"column":29}},"9":{"start":{"line":21,"column":4},"end":{"line":39,"column":5}},"10":{"start":{"line":27,"column":44},"end":{"line":27,"column":71}},"11":{"start":{"line":31,"column":44},"end":{"line":31,"column":71}}},"fnMap":{"0":{"name":"(anonymous_0)","decl":{"start":{"line":6,"column":14},"end":{"line":6,"column":15}},"loc":{"start":{"line":6,"column":20},"end":{"line":40,"column":1}},"line":6},"1":{"name":"(anonymous_1)","decl":{"start":{"line":13,"column":24},"end":{"line":13,"column":25}},"loc":{"start":{"line":13,"column":30},"end":{"line":15,"column":5}},"line":13},"2":{"name":"(anonymous_2)","decl":{"start":{"line":17,"column":22},"end":{"line":17,"column":23}},"loc":{"start":{"line":17,"column":28},"end":{"line":19,"column":5}},"line":17},"3":{"name":"(anonymous_3)","decl":{"start":{"line":27,"column":37},"end":{"line":27,"column":38}},"loc":{"start":{"line":27,"column":44},"end":{"line":27,"column":71}},"line":27},"4":{"name":"(anonymous_4)","decl":{"start":{"line":31,"column":37},"end":{"line":31,"column":38}},"loc":{"start":{"line":31,"column":44},"end":{"line":31,"column":71}},"line":31}},"branchMap":{},"s":{"0":0,"1":0,"2":0,"3":0,"4":0,"5":0,"6":0,"7":0,"8":0,"9":0,"10":0,"11":0},"f":{"0":0,"1":0,"2":0,"3":0,"4":0},"b":{}}
,"C:\\Users\\Matt\\OneDrive\\Documents\\Udemy\\CapstoneProject\\frontend\\src\\routes\\register.js": {"path":"C:\\Users\\Matt\\OneDrive\\Documents\\Udemy\\CapstoneProject\\frontend\\src\\routes\\register.js","statementMap":{"0":{"start":{"line":6,"column":17},"end":{"line":69,"column":1}},"1":{"start":{"line":8,"column":36},"end":{"line":8,"column":48}},"2":{"start":{"line":9,"column":30},"end":{"line":9,"column":42}},"3":{"start":{"line":10,"column":38},"end":{"line":10,"column":50}},"4":{"start":{"line":11,"column":36},"end":{"line":11,"column":48}},"5":{"start":{"line":12,"column":36},"end":{"line":12,"column":48}},"6":{"start":{"line":13,"column":50},"end":{"line":13,"column":62}},"7":{"start":{"line":14,"column":21},"end":{"line":14,"column":34}},"8":{"start":{"line":16,"column":27},"end":{"line":28,"column":5}},"9":{"start":{"line":17,"column":8},"end":{"line":27,"column":9}},"10":{"start":{"line":18,"column":12},"end":{"line":24,"column":13}},"11":{"start":{"line":19,"column":16},"end":{"line":19,"column":79}},"12":{"start":{"line":20,"column":16},"end":{"line":20,"column":44}},"13":{"start":{"line":21,"column":16},"end":{"line":21,"column":34}},"14":{"start":{"line":23,"column":16},"end":{"line":23,"column":54}},"15":{"start":{"line":26,"column":12},"end":{"line":26,"column":43}},"16":{"start":{"line":30,"column":22},"end":{"line":32,"column":5}},"17":{"start":{"line":31,"column":8},"end":{"line":31,"column":26}},"18":{"start":{"line":34,"column":4},"end":{"line":68,"column":5}},"19":{"start":{"line":40,"column":44},"end":{"line":40,"column":71}},"20":{"start":{"line":44,"column":44},"end":{"line":44,"column":68}},"21":{"start":{"line":48,"column":44},"end":{"line":48,"column":72}},"22":{"start":{"line":52,"column":44},"end":{"line":52,"column":71}},"23":{"start":{"line":56,"column":44},"end":{"line":56,"column":71}},"24":{"start":{"line":60,"column":44},"end":{"line":60,"column":78}}},"fnMap":{"0":{"name":"(anonymous_0)","decl":{"start":{"line":6,"column":17},"end":{"line":6,"column":18}},"loc":{"start":{"line":6,"column":23},"end":{"line":69,"column":1}},"line":6},"1":{"name":"(anonymous_1)","decl":{"start":{"line":16,"column":27},"end":{"line":16,"column":28}},"loc":{"start":{"line":16,"column":39},"end":{"line":28,"column":5}},"line":16},"2":{"name":"(anonymous_2)","decl":{"start":{"line":30,"column":22},"end":{"line":30,"column":23}},"loc":{"start":{"line":30,"column":28},"end":{"line":32,"column":5}},"line":30},"3":{"name":"(anonymous_3)","decl":{"start":{"line":40,"column":37},"end":{"line":40,"column":38}},"loc":{"start":{"line":40,"column":44},"end":{"line":40,"column":71}},"line":40},"4":{"name":"(anonymous_4)","decl":{"start":{"line":44,"column":37},"end":{"line":44,"column":38}},"loc":{"start":{"line":44,"column":44},"end":{"line":44,"column":68}},"line":44},"5":{"name":"(anonymous_5)","decl":{"start":{"line":48,"column":37},"end":{"line":48,"column":38}},"loc":{"start":{"line":48,"column":44},"end":{"line":48,"column":72}},"line":48},"6":{"name":"(anonymous_6)","decl":{"start":{"line":52,"column":37},"end":{"line":52,"column":38}},"loc":{"start":{"line":52,"column":44},"end":{"line":52,"column":71}},"line":52},"7":{"name":"(anonymous_7)","decl":{"start":{"line":56,"column":37},"end":{"line":56,"column":38}},"loc":{"start":{"line":56,"column":44},"end":{"line":56,"column":71}},"line":56},"8":{"name":"(anonymous_8)","decl":{"start":{"line":60,"column":37},"end":{"line":60,"column":38}},"loc":{"start":{"line":60,"column":44},"end":{"line":60,"column":78}},"line":60}},"branchMap":{"0":{"loc":{"start":{"line":17,"column":8},"end":{"line":27,"column":9}},"type":"if","locations":[{"start":{"line":17,"column":8},"end":{"line":27,"column":9}},{"start":{"line":25,"column":15},"end":{"line":27,"column":9}}],"line":17}},"s":{"0":0,"1":0,"2":0,"3":0,"4":0,"5":0,"6":0,"7":0,"8":0,"9":0,"10":0,"11":0,"12":0,"13":0,"14":0,"15":0,"16":0,"17":0,"18":0,"19":0,"20":0,"21":0,"22":0,"23":0,"24":0},"f":{"0":0,"1":0,"2":0,"3":0,"4":0,"5":0,"6":0,"7":0,"8":0},"b":{"0":[0,0]}}
}
